Arguments: 
  /usr/bin/node /home/hoangmanh10102001/.yarn/bin/yarn.js init

PATH: 
  /home/hoangmanh10102001/.yarn/bin:/home/hoangmanh10102001/.config/yarn/global/node_modules/.bin:/home/hoangmanh10102001/.local/bin:/usr/local/sbin:/usr/local/bin:/usr/sbin:/usr/bin:/sbin:/bin:/usr/games:/usr/local/games:/snap/bin:/opt/mssql-tools/bin:/opt/mssql-tools/bin:/opt/mssql-tools/bin:/opt/mssql-tools/bin:/opt/mssql-tools/bin:/opt/mssql-tools/bin

Yarn version: 
  1.22.19

Node version: 
  16.13.1

Platform: 
  linux x64

Trace: 
  Error: canceled
      at Interface.<anonymous> (/home/hoangmanh10102001/.yarn/lib/cli.js:137150:13)
      at Interface.emit (node:events:390:28)
      at Interface._ttyWrite (node:readline:1081:16)
      at ReadStream.onkeypress (node:readline:288:10)
      at ReadStream.emit (node:events:390:28)
      at emitKeys (node:internal/readline/utils:358:14)
      at emitKeys.next (<anonymous>)
      at ReadStream.onData (node:internal/readline/emitKeypressEvents:61:36)
      at ReadStream.emit (node:events:390:28)
      at addChunk (node:internal/streams/readable:315:12)

npm manifest: 
  {
    "name": "ts-node",
    "version": "1.0.0",
    "description": "",
    "main": "index.js",
    "scripts": {
      "build": "tsc -p tsconfig.prod.json",
      "test": "jest",
      "test:watch":"jest --w",
      "test:coverage":"jest --coverage",
      "start:dev": "nodemon",
      "start:prod": "node -r ts-node/register/transpile-only -r tsconfig-paths/register ./dist/src/index.js"
    },
    "keywords": [],
    "author": "",
    "license": "ISC",
    "devDependencies": {
      "@types/jest": "^28.1.6",
      "@types/node": "^18.6.1",
      "@typescript-eslint/eslint-plugin": "^5.31.0",
      "@typescript-eslint/parser": "^5.31.0",
      "eslint": "^8.20.0",
      "eslint-config-airbnb-base": "^15.0.0",
      "eslint-config-prettier": "^8.5.0",
      "eslint-import-resolver-typescript": "^3.3.0",
      "eslint-plugin-import": "^2.26.0",
      "eslint-plugin-prettier": "^4.2.1",
      "jest": "^28.1.3",
      "nodemon": "^2.0.19",
      "prettier": "2.7.1",
      "ts-jest": "^28.0.7",
      "ts-node": "^10.9.1",
      "tsconfig-paths": "^4.0.0",
      "typescript": "^4.7.4"
    },
    "dependencies": {
      "dotenv": "^16.0.1",
      "dotenv-safe": "^8.2.0"
    }
  }

yarn manifest: 
  No manifest

Lockfile: 
  No lockfile
